[23:48:27] [ServerMain/INFO]: Building unoptimized datafixer
[23:48:28] [ServerMain/WARN]: You specified a resource pack without providing a sha1 hash. Pack will be updated on the client only if you change the name of the pack.
[23:48:28] [ServerMain/INFO]: Environment: authHost='https://authserver.mojang.com', accountsHost='https://api.mojang.com', sessionHost='https://sessionserver.mojang.com', servicesHost='https://api.minecraftservices.com', name='PROD'
[23:48:30] [ServerMain/INFO]: Loaded 7 recipes
[23:48:30] [Server thread/INFO]: Starting minecraft server version 1.19.3
[23:48:30] [Server thread/INFO]: Loading properties
[23:48:30] [Server thread/INFO]: This server is running CraftBukkit version 3661-Spigot-19641c7-8434e36 (MC: 1.19.3) (Implementing API version 1.19.3-R0.1-SNAPSHOT)
[23:48:31] [Server thread/INFO]: Debug logging is disabled
[23:48:31] [Server thread/INFO]: Server Ping Player Sample Count: 12
[23:48:31] [Server thread/INFO]: Using 4 threads for Netty based IO
[23:48:31] [Server thread/INFO]: Default game type: SURVIVAL
[23:48:31] [Server thread/INFO]: Generating keypair
[23:48:31] [Server thread/INFO]: Starting Minecraft server on *:25565
[23:48:31] [Server thread/INFO]: Using default channel type
[23:48:32] [Server thread/INFO]: [Profession] Loading Profession v1.4.1
[23:48:32] [Server thread/INFO]: [OldCombatMechanics] Loading OldCombatMechanics v1.11.0
[23:48:32] [Server thread/INFO]: [CreeperHeal2] Loading CreeperHeal2 v2.0.0
[23:48:32] [Server thread/WARN]: **** SERVER IS RUNNING IN OFFLINE/INSECURE MODE!
[23:48:32] [Server thread/WARN]: The server will make no attempt to authenticate usernames. Beware.
[23:48:32] [Server thread/WARN]: While this makes the game possible to play without internet access, it also opens up the ability for hackers to connect with any username they choose.
[23:48:32] [Server thread/WARN]: To change this, set "online-mode" to "true" in the server.properties file.
[23:48:32] [Server thread/INFO]: Preparing level "world"
[23:48:32] [Server thread/INFO]: -------- World Settings For [world] --------
[23:48:32] [Server thread/INFO]: Allow Zombie Pigmen to spawn from portal blocks: true
[23:48:32] [Server thread/INFO]: Item Despawn Rate: 6000
[23:48:32] [Server thread/INFO]: Item Merge Radius: 2.5
[23:48:32] [Server thread/INFO]: View Distance: 32
[23:48:32] [Server thread/INFO]: Simulation Distance: 8
[23:48:32] [Server thread/INFO]: Arrow Despawn Rate: 1200 Trident Respawn Rate:1200
[23:48:32] [Server thread/INFO]: Nerfing mobs spawned from spawners: false
[23:48:32] [Server thread/INFO]: Zombie Aggressive Towards Villager: true
[23:48:32] [Server thread/INFO]: Mob Spawn Range: 6
[23:48:32] [Server thread/INFO]: Experience Merge Radius: 3.0
[23:48:32] [Server thread/INFO]: Cactus Growth Modifier: 100%
[23:48:32] [Server thread/INFO]: Cane Growth Modifier: 100%
[23:48:32] [Server thread/INFO]: Melon Growth Modifier: 100%
[23:48:32] [Server thread/INFO]: Mushroom Growth Modifier: 100%
[23:48:32] [Server thread/INFO]: Pumpkin Growth Modifier: 100%
[23:48:32] [Server thread/INFO]: Sapling Growth Modifier: 100%
[23:48:32] [Server thread/INFO]: Beetroot Growth Modifier: 100%
[23:48:32] [Server thread/INFO]: Carrot Growth Modifier: 100%
[23:48:32] [Server thread/INFO]: Potato Growth Modifier: 100%
[23:48:32] [Server thread/INFO]: Wheat Growth Modifier: 100%
[23:48:32] [Server thread/INFO]: NetherWart Growth Modifier: 100%
[23:48:32] [Server thread/INFO]: Vine Growth Modifier: 100%
[23:48:32] [Server thread/INFO]: Cocoa Growth Modifier: 100%
[23:48:32] [Server thread/INFO]: Bamboo Growth Modifier: 100%
[23:48:32] [Server thread/INFO]: SweetBerry Growth Modifier: 100%
[23:48:32] [Server thread/INFO]: Kelp Growth Modifier: 100%
[23:48:32] [Server thread/INFO]: TwistingVines Growth Modifier: 100%
[23:48:32] [Server thread/INFO]: WeepingVines Growth Modifier: 100%
[23:48:32] [Server thread/INFO]: CaveVines Growth Modifier: 100%
[23:48:32] [Server thread/INFO]: Entity Activation Range: An 32 / Mo 32 / Ra 48 / Mi 16 / Tiv true / Isa false
[23:48:32] [Server thread/INFO]: Entity Tracking Range: Pl 48 / An 48 / Mo 48 / Mi 32 / Other 64
[23:48:32] [Server thread/INFO]: Hopper Transfer: 8 Hopper Check: 1 Hopper Amount: 1 Hopper Can Load Chunks: false
[23:48:32] [Server thread/INFO]: Custom Map Seeds:  Village: 10387312 Desert: 14357617 Igloo: 14357618 Jungle: 14357619 Swamp: 14357620 Monument: 10387313 Ocean: 14357621 Shipwreck: 165745295 End City: 10387313 Slime: 987234911 Nether: 30084232 Mansion: 10387319 Fossil: 14357921 Portal: 34222645
[23:48:32] [Server thread/INFO]: Max TNT Explosions: 100
[23:48:32] [Server thread/INFO]: Tile Max Tick Time: 50ms Entity max Tick Time: 50ms
[23:48:32] [Server thread/INFO]: -------- World Settings For [world_nether] --------
[23:48:32] [Server thread/INFO]: Allow Zombie Pigmen to spawn from portal blocks: true
[23:48:32] [Server thread/INFO]: Item Despawn Rate: 6000
[23:48:32] [Server thread/INFO]: Item Merge Radius: 2.5
[23:48:32] [Server thread/INFO]: View Distance: 32
[23:48:32] [Server thread/INFO]: Simulation Distance: 8
[23:48:32] [Server thread/INFO]: Arrow Despawn Rate: 1200 Trident Respawn Rate:1200
[23:48:32] [Server thread/INFO]: Nerfing mobs spawned from spawners: false
[23:48:32] [Server thread/INFO]: Zombie Aggressive Towards Villager: true
[23:48:32] [Server thread/INFO]: Mob Spawn Range: 6
[23:48:32] [Server thread/INFO]: Experience Merge Radius: 3.0
[23:48:32] [Server thread/INFO]: Cactus Growth Modifier: 100%
[23:48:32] [Server thread/INFO]: Cane Growth Modifier: 100%
[23:48:32] [Server thread/INFO]: Melon Growth Modifier: 100%
[23:48:32] [Server thread/INFO]: Mushroom Growth Modifier: 100%
[23:48:32] [Server thread/INFO]: Pumpkin Growth Modifier: 100%
[23:48:32] [Server thread/INFO]: Sapling Growth Modifier: 100%
[23:48:32] [Server thread/INFO]: Beetroot Growth Modifier: 100%
[23:48:32] [Server thread/INFO]: Carrot Growth Modifier: 100%
[23:48:32] [Server thread/INFO]: Potato Growth Modifier: 100%
[23:48:32] [Server thread/INFO]: Wheat Growth Modifier: 100%
[23:48:32] [Server thread/INFO]: NetherWart Growth Modifier: 100%
[23:48:32] [Server thread/INFO]: Vine Growth Modifier: 100%
[23:48:32] [Server thread/INFO]: Cocoa Growth Modifier: 100%
[23:48:32] [Server thread/INFO]: Bamboo Growth Modifier: 100%
[23:48:32] [Server thread/INFO]: SweetBerry Growth Modifier: 100%
[23:48:32] [Server thread/INFO]: Kelp Growth Modifier: 100%
[23:48:32] [Server thread/INFO]: TwistingVines Growth Modifier: 100%
[23:48:32] [Server thread/INFO]: WeepingVines Growth Modifier: 100%
[23:48:32] [Server thread/INFO]: CaveVines Growth Modifier: 100%
[23:48:32] [Server thread/INFO]: Entity Activation Range: An 32 / Mo 32 / Ra 48 / Mi 16 / Tiv true / Isa false
[23:48:32] [Server thread/INFO]: Entity Tracking Range: Pl 48 / An 48 / Mo 48 / Mi 32 / Other 64
[23:48:32] [Server thread/INFO]: Hopper Transfer: 8 Hopper Check: 1 Hopper Amount: 1 Hopper Can Load Chunks: false
[23:48:32] [Server thread/INFO]: Custom Map Seeds:  Village: 10387312 Desert: 14357617 Igloo: 14357618 Jungle: 14357619 Swamp: 14357620 Monument: 10387313 Ocean: 14357621 Shipwreck: 165745295 End City: 10387313 Slime: 987234911 Nether: 30084232 Mansion: 10387319 Fossil: 14357921 Portal: 34222645
[23:48:32] [Server thread/INFO]: Max TNT Explosions: 100
[23:48:32] [Server thread/INFO]: Tile Max Tick Time: 50ms Entity max Tick Time: 50ms
[23:48:33] [Server thread/INFO]: -------- World Settings For [world_the_end] --------
[23:48:33] [Server thread/INFO]: Allow Zombie Pigmen to spawn from portal blocks: true
[23:48:33] [Server thread/INFO]: Item Despawn Rate: 6000
[23:48:33] [Server thread/INFO]: Item Merge Radius: 2.5
[23:48:33] [Server thread/INFO]: View Distance: 32
[23:48:33] [Server thread/INFO]: Simulation Distance: 8
[23:48:33] [Server thread/INFO]: Arrow Despawn Rate: 1200 Trident Respawn Rate:1200
[23:48:33] [Server thread/INFO]: Nerfing mobs spawned from spawners: false
[23:48:33] [Server thread/INFO]: Zombie Aggressive Towards Villager: true
[23:48:33] [Server thread/INFO]: Mob Spawn Range: 6
[23:48:33] [Server thread/INFO]: Experience Merge Radius: 3.0
[23:48:33] [Server thread/INFO]: Cactus Growth Modifier: 100%
[23:48:33] [Server thread/INFO]: Cane Growth Modifier: 100%
[23:48:33] [Server thread/INFO]: Melon Growth Modifier: 100%
[23:48:33] [Server thread/INFO]: Mushroom Growth Modifier: 100%
[23:48:33] [Server thread/INFO]: Pumpkin Growth Modifier: 100%
[23:48:33] [Server thread/INFO]: Sapling Growth Modifier: 100%
[23:48:33] [Server thread/INFO]: Beetroot Growth Modifier: 100%
[23:48:33] [Server thread/INFO]: Carrot Growth Modifier: 100%
[23:48:33] [Server thread/INFO]: Potato Growth Modifier: 100%
[23:48:33] [Server thread/INFO]: Wheat Growth Modifier: 100%
[23:48:33] [Server thread/INFO]: NetherWart Growth Modifier: 100%
[23:48:33] [Server thread/INFO]: Vine Growth Modifier: 100%
[23:48:33] [Server thread/INFO]: Cocoa Growth Modifier: 100%
[23:48:33] [Server thread/INFO]: Bamboo Growth Modifier: 100%
[23:48:33] [Server thread/INFO]: SweetBerry Growth Modifier: 100%
[23:48:33] [Server thread/INFO]: Kelp Growth Modifier: 100%
[23:48:33] [Server thread/INFO]: TwistingVines Growth Modifier: 100%
[23:48:33] [Server thread/INFO]: WeepingVines Growth Modifier: 100%
[23:48:33] [Server thread/INFO]: CaveVines Growth Modifier: 100%
[23:48:33] [Server thread/INFO]: Entity Activation Range: An 32 / Mo 32 / Ra 48 / Mi 16 / Tiv true / Isa false
[23:48:33] [Server thread/INFO]: Entity Tracking Range: Pl 48 / An 48 / Mo 48 / Mi 32 / Other 64
[23:48:33] [Server thread/INFO]: Hopper Transfer: 8 Hopper Check: 1 Hopper Amount: 1 Hopper Can Load Chunks: false
[23:48:33] [Server thread/INFO]: Custom Map Seeds:  Village: 10387312 Desert: 14357617 Igloo: 14357618 Jungle: 14357619 Swamp: 14357620 Monument: 10387313 Ocean: 14357621 Shipwreck: 165745295 End City: 10387313 Slime: 987234911 Nether: 30084232 Mansion: 10387319 Fossil: 14357921 Portal: 34222645
[23:48:33] [Server thread/INFO]: Max TNT Explosions: 100
[23:48:33] [Server thread/INFO]: Tile Max Tick Time: 50ms Entity max Tick Time: 50ms
[23:48:33] [Server thread/INFO]: Preparing start region for dimension minecraft:overworld
[23:48:36] [Worker-Main-1/INFO]: Preparing spawn area: 0%
[23:48:36] [Worker-Main-11/INFO]: Preparing spawn area: 0%
[23:48:36] [Worker-Main-2/INFO]: Preparing spawn area: 0%
[23:48:36] [Worker-Main-8/INFO]: Preparing spawn area: 0%
[23:48:36] [Worker-Main-2/INFO]: Preparing spawn area: 0%
[23:48:36] [Worker-Main-1/INFO]: Preparing spawn area: 0%
[23:48:36] [Worker-Main-3/INFO]: Preparing spawn area: 0%
[23:48:36] [Worker-Main-3/INFO]: Preparing spawn area: 19%
[23:48:37] [Server thread/INFO]: Time elapsed: 3953 ms
[23:48:37] [Server thread/INFO]: Preparing start region for dimension minecraft:the_nether
[23:48:39] [Worker-Main-9/INFO]: Preparing spawn area: 0%
[23:48:39] [Worker-Main-9/INFO]: Preparing spawn area: 0%
[23:48:39] [Worker-Main-9/INFO]: Preparing spawn area: 0%
[23:48:39] [Worker-Main-11/INFO]: Preparing spawn area: 0%
[23:48:39] [Worker-Main-1/INFO]: Preparing spawn area: 0%
[23:48:39] [Worker-Main-3/INFO]: Preparing spawn area: 0%
[23:48:40] [Worker-Main-6/INFO]: Preparing spawn area: 86%
[23:48:40] [Server thread/INFO]: Time elapsed: 3074 ms
[23:48:40] [Server thread/INFO]: Preparing start region for dimension minecraft:the_end
[23:48:42] [Worker-Main-11/INFO]: Preparing spawn area: 0%
[23:48:42] [Worker-Main-11/INFO]: Preparing spawn area: 0%
[23:48:42] [Worker-Main-2/INFO]: Preparing spawn area: 0%
[23:48:42] [Worker-Main-2/INFO]: Preparing spawn area: 0%
[23:48:42] [Worker-Main-8/INFO]: Preparing spawn area: 13%
[23:48:42] [Server thread/INFO]: Time elapsed: 2339 ms
[23:48:42] [Server thread/INFO]: [Profession] Enabling Profession v1.4.1
[23:48:42] [Server thread/INFO]: [OldCombatMechanics] Enabling OldCombatMechanics v1.11.0
[23:48:42] [Server thread/INFO]: [OldCombatMechanics] Config file config.yml generated
[23:48:43] [Server thread/INFO]: [OldCombatMechanics] OldCombatMechanics v1.11.0 has been enabled
[23:48:43] [Server thread/INFO]: [CreeperHeal2] Enabling CreeperHeal2 v2.0.0
[23:48:43] [Server thread/INFO]: Server permissions file permissions.yml is empty, ignoring it
[23:48:43] [Server thread/INFO]: Done (11.140s)! For help, type "help"
[23:49:49] [User Authenticator #1/INFO]: UUID of player Deckkard is d641f7dc-b35b-3105-804c-8d27daa39b8f
[23:49:49] [Server thread/INFO]: Deckkard joined the game
[23:49:50] [Server thread/INFO]: Deckkard[/127.0.0.1:61239] logged in with entity id 326 at ([world]-723.0472061532863, 64.0, 391.53918094216965)
[23:57:39] [Server thread/INFO]: Stopping the server
[23:57:39] [Server thread/INFO]: Stopping server
[23:57:39] [Server thread/INFO]: [CreeperHeal2] Disabling CreeperHeal2 v2.0.0
[23:57:39] [Server thread/INFO]: [OldCombatMechanics] Disabling OldCombatMechanics v1.11.0
[23:57:39] [Server thread/INFO]: [OldCombatMechanics] OldCombatMechanics v1.11.0 has been disabled
[23:57:39] [Server thread/INFO]: [Profession] Disabling Profession v1.4.1
[23:57:39] [Server thread/INFO]: Saving players
[23:57:39] [Server thread/INFO]: Deckkard lost connection: Server closed
[23:57:39] [Server thread/INFO]: Deckkard left the game.
[23:57:39] [Server thread/INFO]: Saving worlds
[23:57:46] [Server thread/INFO]: Saving chunks for level 'ServerLevel[world]'/minecraft:overworld
[23:57:48] [Server thread/INFO]: Saving chunks for level 'ServerLevel[world_nether]'/minecraft:the_nether
[23:57:48] [Server thread/INFO]: Saving chunks for level 'ServerLevel[world_the_end]'/minecraft:the_end
[23:57:48] [Server thread/INFO]: ThreadedAnvilChunkStorage (world): All chunks are saved
[23:57:48] [Server thread/INFO]: ThreadedAnvilChunkStorage (DIM-1): All chunks are saved
[23:57:48] [Server thread/INFO]: ThreadedAnvilChunkStorage (DIM1): All chunks are saved
[23:57:48] [Server thread/INFO]: ThreadedAnvilChunkStorage: All dimensions are saved
